mode: set
github.com/auto-dns/docker-coredns-sync/internal/core/engine.go:22.128,30.2 1 1
github.com/auto-dns/docker-coredns-sync/internal/core/engine.go:32.62,33.9 1 1
github.com/auto-dns/docker-coredns-sync/internal/core/engine.go:34.30,35.117 1 1
github.com/auto-dns/docker-coredns-sync/internal/core/engine.go:36.32,37.136 1 1
github.com/auto-dns/docker-coredns-sync/internal/core/engine.go:38.117,40.17 2 1
github.com/auto-dns/docker-coredns-sync/internal/core/engine.go:40.17,43.4 2 0
github.com/auto-dns/docker-coredns-sync/internal/core/engine.go:45.3,45.23 1 1
github.com/auto-dns/docker-coredns-sync/internal/core/engine.go:45.23,48.4 2 1
github.com/auto-dns/docker-coredns-sync/internal/core/engine.go:49.105,50.65 1 1
github.com/auto-dns/docker-coredns-sync/internal/core/engine.go:50.65,52.4 1 1
github.com/auto-dns/docker-coredns-sync/internal/core/engine.go:56.54,61.16 3 1
github.com/auto-dns/docker-coredns-sync/internal/core/engine.go:61.16,63.3 1 1
github.com/auto-dns/docker-coredns-sync/internal/core/engine.go:66.2,67.12 2 1
github.com/auto-dns/docker-coredns-sync/internal/core/engine.go:67.12,68.7 1 1
github.com/auto-dns/docker-coredns-sync/internal/core/engine.go:68.7,69.11 1 1
github.com/auto-dns/docker-coredns-sync/internal/core/engine.go:70.30,71.12 1 1
github.com/auto-dns/docker-coredns-sync/internal/core/engine.go:71.12,74.6 2 1
github.com/auto-dns/docker-coredns-sync/internal/core/engine.go:75.5,75.24 1 1
github.com/auto-dns/docker-coredns-sync/internal/core/engine.go:76.22,78.11 2 1
github.com/auto-dns/docker-coredns-sync/internal/core/engine.go:84.2,87.6 4 1
github.com/auto-dns/docker-coredns-sync/internal/core/engine.go:87.6,88.10 1 1
github.com/auto-dns/docker-coredns-sync/internal/core/engine.go:89.19,91.76 2 1
github.com/auto-dns/docker-coredns-sync/internal/core/engine.go:91.76,93.19 2 1
github.com/auto-dns/docker-coredns-sync/internal/core/engine.go:93.19,95.6 1 1
github.com/auto-dns/docker-coredns-sync/internal/core/engine.go:96.5,100.34 4 1
github.com/auto-dns/docker-coredns-sync/internal/core/engine.go:100.34,101.52 1 1
github.com/auto-dns/docker-coredns-sync/internal/core/engine.go:101.52,103.7 1 1
github.com/auto-dns/docker-coredns-sync/internal/core/engine.go:105.5,105.31 1 1
github.com/auto-dns/docker-coredns-sync/internal/core/engine.go:105.31,106.54 1 1
github.com/auto-dns/docker-coredns-sync/internal/core/engine.go:106.54,108.7 1 1
github.com/auto-dns/docker-coredns-sync/internal/core/engine.go:110.5,110.15 1 1
github.com/auto-dns/docker-coredns-sync/internal/core/engine.go:112.4,112.18 1 1
github.com/auto-dns/docker-coredns-sync/internal/core/engine.go:112.18,114.5 1 1
github.com/auto-dns/docker-coredns-sync/internal/core/engine.go:115.21,118.18 3 1
github.com/auto-dns/docker-coredns-sync/internal/core/engine.go:118.18,120.5 1 1
github.com/auto-dns/docker-coredns-sync/internal/core/engine.go:121.4,121.20 1 1
github.com/auto-dns/docker-coredns-sync/internal/core/errors.go:9.48,11.2 1 1
github.com/auto-dns/docker-coredns-sync/internal/core/errors.go:14.70,16.2 1 1
github.com/auto-dns/docker-coredns-sync/internal/core/labels.go:19.47,20.20 1 1
github.com/auto-dns/docker-coredns-sync/internal/core/labels.go:20.20,22.3 1 1
github.com/auto-dns/docker-coredns-sync/internal/core/labels.go:22.8,24.3 1 1
github.com/auto-dns/docker-coredns-sync/internal/core/labels.go:27.48,28.20 1 1
github.com/auto-dns/docker-coredns-sync/internal/core/labels.go:28.20,30.3 1 1
github.com/auto-dns/docker-coredns-sync/internal/core/labels.go:30.8,32.3 1 1
github.com/auto-dns/docker-coredns-sync/internal/core/labels.go:41.72,46.58 2 1
github.com/auto-dns/docker-coredns-sync/internal/core/labels.go:46.58,48.3 1 1
github.com/auto-dns/docker-coredns-sync/internal/core/labels.go:50.2,50.42 1 1
github.com/auto-dns/docker-coredns-sync/internal/core/labels.go:50.42,53.3 2 1
github.com/auto-dns/docker-coredns-sync/internal/core/labels.go:56.2,67.27 3 1
github.com/auto-dns/docker-coredns-sync/internal/core/labels.go:67.27,69.40 1 1
github.com/auto-dns/docker-coredns-sync/internal/core/labels.go:69.40,70.12 1 1
github.com/auto-dns/docker-coredns-sync/internal/core/labels.go:73.3,74.21 2 1
github.com/auto-dns/docker-coredns-sync/internal/core/labels.go:74.21,75.12 1 1
github.com/auto-dns/docker-coredns-sync/internal/core/labels.go:78.3,80.17 3 1
github.com/auto-dns/docker-coredns-sync/internal/core/labels.go:80.17,82.12 1 1
github.com/auto-dns/docker-coredns-sync/internal/core/labels.go:85.3,87.22 3 1
github.com/auto-dns/docker-coredns-sync/internal/core/labels.go:87.22,90.4 2 1
github.com/auto-dns/docker-coredns-sync/internal/core/labels.go:91.3,91.27 1 1
github.com/auto-dns/docker-coredns-sync/internal/core/labels.go:91.27,92.12 1 0
github.com/auto-dns/docker-coredns-sync/internal/core/labels.go:95.3,96.62 2 1
github.com/auto-dns/docker-coredns-sync/internal/core/labels.go:96.62,97.12 1 0
github.com/auto-dns/docker-coredns-sync/internal/core/labels.go:100.3,102.10 3 1
github.com/auto-dns/docker-coredns-sync/internal/core/labels.go:102.10,105.4 2 1
github.com/auto-dns/docker-coredns-sync/internal/core/labels.go:107.3,107.16 1 1
github.com/auto-dns/docker-coredns-sync/internal/core/labels.go:108.15,109.33 1 1
github.com/auto-dns/docker-coredns-sync/internal/core/labels.go:110.16,111.34 1 1
github.com/auto-dns/docker-coredns-sync/internal/core/labels.go:112.16,114.20 2 1
github.com/auto-dns/docker-coredns-sync/internal/core/labels.go:119.2,119.33 1 1
github.com/auto-dns/docker-coredns-sync/internal/core/labels.go:119.33,128.3 1 1
github.com/auto-dns/docker-coredns-sync/internal/core/labels.go:130.2,130.11 1 1
github.com/auto-dns/docker-coredns-sync/internal/core/labels.go:133.35,133.93 1 1
github.com/auto-dns/docker-coredns-sync/internal/core/nested_maps.go:22.44,24.58 1 1
github.com/auto-dns/docker-coredns-sync/internal/core/nested_maps.go:24.58,26.4 1 1
github.com/auto-dns/docker-coredns-sync/internal/core/nested_maps.go:30.28,32.71 1 1
github.com/auto-dns/docker-coredns-sync/internal/core/nested_maps.go:32.71,34.4 1 1
github.com/auto-dns/docker-coredns-sync/internal/core/nested_maps.go:38.32,40.70 1 1
github.com/auto-dns/docker-coredns-sync/internal/core/nested_maps.go:40.70,42.4 1 1
github.com/auto-dns/docker-coredns-sync/internal/core/nested_maps.go:47.64,49.37 2 1
github.com/auto-dns/docker-coredns-sync/internal/core/nested_maps.go:49.37,50.46 1 1
github.com/auto-dns/docker-coredns-sync/internal/core/nested_maps.go:50.46,51.52 1 1
github.com/auto-dns/docker-coredns-sync/internal/core/nested_maps.go:51.52,53.5 1 1
github.com/auto-dns/docker-coredns-sync/internal/core/nested_maps.go:56.2,56.15 1 1
github.com/auto-dns/docker-coredns-sync/internal/core/nested_maps.go:59.49,61.31 2 1
github.com/auto-dns/docker-coredns-sync/internal/core/nested_maps.go:61.31,63.3 1 1
github.com/auto-dns/docker-coredns-sync/internal/core/nested_maps.go:64.2,64.14 1 1
github.com/auto-dns/docker-coredns-sync/internal/core/nested_maps.go:70.114,71.45 1 1
github.com/auto-dns/docker-coredns-sync/internal/core/nested_maps.go:71.45,72.54 1 1
github.com/auto-dns/docker-coredns-sync/internal/core/nested_maps.go:72.54,74.4 1 1
github.com/auto-dns/docker-coredns-sync/internal/core/nested_maps.go:75.3,75.41 1 1
github.com/auto-dns/docker-coredns-sync/internal/core/nested_maps.go:77.2,77.40 1 1
github.com/auto-dns/docker-coredns-sync/internal/core/nested_maps.go:81.78,82.47 1 1
github.com/auto-dns/docker-coredns-sync/internal/core/nested_maps.go:82.47,84.3 1 1
github.com/auto-dns/docker-coredns-sync/internal/core/nested_maps.go:88.117,90.2 1 1
github.com/auto-dns/docker-coredns-sync/internal/core/nested_maps.go:92.126,94.13 2 1
github.com/auto-dns/docker-coredns-sync/internal/core/nested_maps.go:94.13,96.3 1 1
github.com/auto-dns/docker-coredns-sync/internal/core/nested_maps.go:98.2,99.13 2 1
github.com/auto-dns/docker-coredns-sync/internal/core/nested_maps.go:99.13,101.3 1 1
github.com/auto-dns/docker-coredns-sync/internal/core/nested_maps.go:103.2,104.29 2 1
github.com/auto-dns/docker-coredns-sync/internal/core/reconciliation.go:10.92,12.34 2 1
github.com/auto-dns/docker-coredns-sync/internal/core/reconciliation.go:12.34,15.3 2 1
github.com/auto-dns/docker-coredns-sync/internal/core/reconciliation.go:15.8,15.41 1 1
github.com/auto-dns/docker-coredns-sync/internal/core/reconciliation.go:15.41,18.3 2 1
github.com/auto-dns/docker-coredns-sync/internal/core/reconciliation.go:18.8,18.49 1 1
github.com/auto-dns/docker-coredns-sync/internal/core/reconciliation.go:18.49,21.3 2 1
github.com/auto-dns/docker-coredns-sync/internal/core/reconciliation.go:22.2,23.14 2 1
github.com/auto-dns/docker-coredns-sync/internal/core/reconciliation.go:26.118,37.30 2 1
github.com/auto-dns/docker-coredns-sync/internal/core/reconciliation.go:37.30,39.3 1 1
github.com/auto-dns/docker-coredns-sync/internal/core/reconciliation.go:40.2,41.24 2 1
github.com/auto-dns/docker-coredns-sync/internal/core/reconciliation.go:41.24,43.3 1 1
github.com/auto-dns/docker-coredns-sync/internal/core/reconciliation.go:45.2,50.30 6 1
github.com/auto-dns/docker-coredns-sync/internal/core/reconciliation.go:50.30,52.15 2 1
github.com/auto-dns/docker-coredns-sync/internal/core/reconciliation.go:52.15,55.33 3 1
github.com/auto-dns/docker-coredns-sync/internal/core/reconciliation.go:55.33,57.5 1 1
github.com/auto-dns/docker-coredns-sync/internal/core/reconciliation.go:58.9,60.4 1 1
github.com/auto-dns/docker-coredns-sync/internal/core/reconciliation.go:61.3,61.32 1 1
github.com/auto-dns/docker-coredns-sync/internal/core/reconciliation.go:61.32,63.4 1 1
github.com/auto-dns/docker-coredns-sync/internal/core/reconciliation.go:67.2,67.28 1 1
github.com/auto-dns/docker-coredns-sync/internal/core/reconciliation.go:67.28,70.3 2 1
github.com/auto-dns/docker-coredns-sync/internal/core/reconciliation.go:73.2,73.30 1 1
github.com/auto-dns/docker-coredns-sync/internal/core/reconciliation.go:73.30,76.3 2 1
github.com/auto-dns/docker-coredns-sync/internal/core/reconciliation.go:80.2,80.28 1 1
github.com/auto-dns/docker-coredns-sync/internal/core/reconciliation.go:80.28,81.38 1 1
github.com/auto-dns/docker-coredns-sync/internal/core/reconciliation.go:81.38,84.4 2 0
github.com/auto-dns/docker-coredns-sync/internal/core/reconciliation.go:85.3,86.15 2 1
github.com/auto-dns/docker-coredns-sync/internal/core/reconciliation.go:90.2,90.25 1 1
github.com/auto-dns/docker-coredns-sync/internal/core/reconciliation.go:90.25,93.3 2 1
github.com/auto-dns/docker-coredns-sync/internal/core/reconciliation.go:94.2,95.14 2 1
github.com/auto-dns/docker-coredns-sync/internal/core/reconciliation.go:100.110,106.35 3 1
github.com/auto-dns/docker-coredns-sync/internal/core/reconciliation.go:106.35,107.10 1 1
github.com/auto-dns/docker-coredns-sync/internal/core/reconciliation.go:108.24,109.163 1 1
github.com/auto-dns/docker-coredns-sync/internal/core/reconciliation.go:109.163,111.5 1 1
github.com/auto-dns/docker-coredns-sync/internal/core/reconciliation.go:112.27,113.166 1 1
github.com/auto-dns/docker-coredns-sync/internal/core/reconciliation.go:113.166,115.5 1 1
github.com/auto-dns/docker-coredns-sync/internal/core/reconciliation.go:116.28,117.107 1 1
github.com/auto-dns/docker-coredns-sync/internal/core/reconciliation.go:117.107,120.52 2 1
github.com/auto-dns/docker-coredns-sync/internal/core/reconciliation.go:120.52,123.6 2 1
github.com/auto-dns/docker-coredns-sync/internal/core/reconciliation.go:124.10,127.5 1 1
github.com/auto-dns/docker-coredns-sync/internal/core/reconciliation.go:132.2,133.55 2 1
github.com/auto-dns/docker-coredns-sync/internal/core/reconciliation.go:133.55,138.10 4 1
github.com/auto-dns/docker-coredns-sync/internal/core/reconciliation.go:139.39,142.92 2 1
github.com/auto-dns/docker-coredns-sync/internal/core/reconciliation.go:144.39,145.29 1 1
github.com/auto-dns/docker-coredns-sync/internal/core/reconciliation.go:145.29,147.5 1 1
github.com/auto-dns/docker-coredns-sync/internal/core/reconciliation.go:148.4,148.32 1 1
github.com/auto-dns/docker-coredns-sync/internal/core/reconciliation.go:148.32,150.5 1 1
github.com/auto-dns/docker-coredns-sync/internal/core/reconciliation.go:152.38,156.62 3 1
github.com/auto-dns/docker-coredns-sync/internal/core/reconciliation.go:156.62,158.5 1 1
github.com/auto-dns/docker-coredns-sync/internal/core/reconciliation.go:158.10,159.30 1 1
github.com/auto-dns/docker-coredns-sync/internal/core/reconciliation.go:159.30,161.6 1 1
github.com/auto-dns/docker-coredns-sync/internal/core/reconciliation.go:162.5,162.33 1 1
github.com/auto-dns/docker-coredns-sync/internal/core/reconciliation.go:162.33,164.6 1 1
github.com/auto-dns/docker-coredns-sync/internal/core/reconciliation.go:167.11,168.103 1 0
github.com/auto-dns/docker-coredns-sync/internal/core/reconciliation.go:172.2,172.53 1 1
github.com/auto-dns/docker-coredns-sync/internal/core/reconciliation.go:175.162,181.29 5 1
github.com/auto-dns/docker-coredns-sync/internal/core/reconciliation.go:181.29,183.3 1 1
github.com/auto-dns/docker-coredns-sync/internal/core/reconciliation.go:186.2,186.28 1 1
github.com/auto-dns/docker-coredns-sync/internal/core/reconciliation.go:186.28,187.49 1 1
github.com/auto-dns/docker-coredns-sync/internal/core/reconciliation.go:187.49,188.35 1 1
github.com/auto-dns/docker-coredns-sync/internal/core/reconciliation.go:188.35,191.5 2 1
github.com/auto-dns/docker-coredns-sync/internal/core/reconciliation.go:191.10,193.5 1 1
github.com/auto-dns/docker-coredns-sync/internal/core/reconciliation.go:194.9,196.4 1 1
github.com/auto-dns/docker-coredns-sync/internal/core/reconciliation.go:200.2,200.28 1 1
github.com/auto-dns/docker-coredns-sync/internal/core/reconciliation.go:200.28,203.10 2 1
github.com/auto-dns/docker-coredns-sync/internal/core/reconciliation.go:204.23,206.97 1 1
github.com/auto-dns/docker-coredns-sync/internal/core/reconciliation.go:206.97,208.54 2 0
github.com/auto-dns/docker-coredns-sync/internal/core/reconciliation.go:208.54,209.31 1 0
github.com/auto-dns/docker-coredns-sync/internal/core/reconciliation.go:209.31,211.7 1 0
github.com/auto-dns/docker-coredns-sync/internal/core/reconciliation.go:212.6,212.204 1 0
github.com/auto-dns/docker-coredns-sync/internal/core/reconciliation.go:213.11,214.14 1 0
github.com/auto-dns/docker-coredns-sync/internal/core/reconciliation.go:216.10,216.110 1 1
github.com/auto-dns/docker-coredns-sync/internal/core/reconciliation.go:216.110,218.20 1 1
github.com/auto-dns/docker-coredns-sync/internal/core/reconciliation.go:218.20,219.14 1 1
github.com/auto-dns/docker-coredns-sync/internal/core/reconciliation.go:220.11,220.54 1 0
github.com/auto-dns/docker-coredns-sync/internal/core/reconciliation.go:220.54,223.6 2 0
github.com/auto-dns/docker-coredns-sync/internal/core/reconciliation.go:223.11,224.14 1 0
github.com/auto-dns/docker-coredns-sync/internal/core/reconciliation.go:228.26,229.97 1 1
github.com/auto-dns/docker-coredns-sync/internal/core/reconciliation.go:229.97,231.54 2 0
github.com/auto-dns/docker-coredns-sync/internal/core/reconciliation.go:231.54,232.31 1 0
github.com/auto-dns/docker-coredns-sync/internal/core/reconciliation.go:232.31,234.7 1 0
github.com/auto-dns/docker-coredns-sync/internal/core/reconciliation.go:235.6,235.207 1 0
github.com/auto-dns/docker-coredns-sync/internal/core/reconciliation.go:236.11,237.14 1 0
github.com/auto-dns/docker-coredns-sync/internal/core/reconciliation.go:239.10,239.113 1 1
github.com/auto-dns/docker-coredns-sync/internal/core/reconciliation.go:239.113,241.20 1 1
github.com/auto-dns/docker-coredns-sync/internal/core/reconciliation.go:241.20,242.14 1 1
github.com/auto-dns/docker-coredns-sync/internal/core/reconciliation.go:243.11,243.54 1 0
github.com/auto-dns/docker-coredns-sync/internal/core/reconciliation.go:243.54,246.6 2 0
github.com/auto-dns/docker-coredns-sync/internal/core/reconciliation.go:246.11,247.14 1 0
github.com/auto-dns/docker-coredns-sync/internal/core/reconciliation.go:251.27,253.81 1 1
github.com/auto-dns/docker-coredns-sync/internal/core/reconciliation.go:253.81,255.31 2 0
github.com/auto-dns/docker-coredns-sync/internal/core/reconciliation.go:255.31,256.38 1 0
github.com/auto-dns/docker-coredns-sync/internal/core/reconciliation.go:256.38,258.12 2 0
github.com/auto-dns/docker-coredns-sync/internal/core/reconciliation.go:262.5,262.32 1 0
github.com/auto-dns/docker-coredns-sync/internal/core/reconciliation.go:262.32,263.32 1 0
github.com/auto-dns/docker-coredns-sync/internal/core/reconciliation.go:263.32,265.7 1 0
github.com/auto-dns/docker-coredns-sync/internal/core/reconciliation.go:266.6,266.200 1 0
github.com/auto-dns/docker-coredns-sync/internal/core/reconciliation.go:267.11,268.14 1 0
github.com/auto-dns/docker-coredns-sync/internal/core/reconciliation.go:270.10,270.104 1 1
github.com/auto-dns/docker-coredns-sync/internal/core/reconciliation.go:270.104,272.27 2 1
github.com/auto-dns/docker-coredns-sync/internal/core/reconciliation.go:272.27,273.14 1 1
github.com/auto-dns/docker-coredns-sync/internal/core/reconciliation.go:275.5,275.54 1 0
github.com/auto-dns/docker-coredns-sync/internal/core/reconciliation.go:275.54,276.31 1 0
github.com/auto-dns/docker-coredns-sync/internal/core/reconciliation.go:276.31,278.7 1 0
github.com/auto-dns/docker-coredns-sync/internal/core/reconciliation.go:279.6,279.210 1 0
github.com/auto-dns/docker-coredns-sync/internal/core/reconciliation.go:280.11,281.14 1 0
github.com/auto-dns/docker-coredns-sync/internal/core/reconciliation.go:285.11,285.11 0 0
github.com/auto-dns/docker-coredns-sync/internal/core/reconciliation.go:290.3,291.30 2 1
github.com/auto-dns/docker-coredns-sync/internal/core/reconciliation.go:291.30,293.4 1 1
github.com/auto-dns/docker-coredns-sync/internal/core/reconciliation.go:294.3,294.30 1 1
github.com/auto-dns/docker-coredns-sync/internal/core/reconciliation.go:294.30,296.4 1 0
github.com/auto-dns/docker-coredns-sync/internal/core/reconciliation.go:298.3,299.28 2 1
github.com/auto-dns/docker-coredns-sync/internal/core/reconciliation.go:299.28,300.47 1 1
github.com/auto-dns/docker-coredns-sync/internal/core/reconciliation.go:300.47,302.5 1 1
github.com/auto-dns/docker-coredns-sync/internal/core/reconciliation.go:305.3,305.62 1 1
github.com/auto-dns/docker-coredns-sync/internal/core/reconciliation.go:305.62,308.32 3 1
github.com/auto-dns/docker-coredns-sync/internal/core/reconciliation.go:308.32,310.5 1 0
github.com/auto-dns/docker-coredns-sync/internal/core/reconciliation.go:311.9,313.4 1 1
github.com/auto-dns/docker-coredns-sync/internal/core/reconciliation.go:317.2,319.29 3 1
github.com/auto-dns/docker-coredns-sync/internal/core/reconciliation.go:319.29,321.3 1 1
github.com/auto-dns/docker-coredns-sync/internal/core/reconciliation.go:322.2,322.32 1 1
github.com/auto-dns/docker-coredns-sync/internal/core/reconciliation.go:322.32,324.3 1 1
github.com/auto-dns/docker-coredns-sync/internal/core/reconciliation.go:325.2,325.24 1 1
github.com/auto-dns/docker-coredns-sync/internal/core/reconciliation.go:328.82,331.23 3 1
github.com/auto-dns/docker-coredns-sync/internal/core/reconciliation.go:331.23,333.3 1 1
github.com/auto-dns/docker-coredns-sync/internal/core/reconciliation.go:334.2,337.18 4 1
github.com/auto-dns/docker-coredns-sync/internal/core/reconciliation.go:340.52,342.23 2 1
github.com/auto-dns/docker-coredns-sync/internal/core/reconciliation.go:342.23,344.3 1 1
github.com/auto-dns/docker-coredns-sync/internal/core/reconciliation.go:345.2,345.12 1 1
github.com/auto-dns/docker-coredns-sync/internal/core/record_builder.go:12.139,18.27 4 1
github.com/auto-dns/docker-coredns-sync/internal/core/record_builder.go:18.27,21.3 2 1
github.com/auto-dns/docker-coredns-sync/internal/core/record_builder.go:23.2,23.53 1 1
github.com/auto-dns/docker-coredns-sync/internal/core/record_builder.go:23.53,26.50 1 1
github.com/auto-dns/docker-coredns-sync/internal/core/record_builder.go:26.50,28.12 2 1
github.com/auto-dns/docker-coredns-sync/internal/core/record_builder.go:33.3,34.18 2 1
github.com/auto-dns/docker-coredns-sync/internal/core/record_builder.go:34.18,37.30 3 1
github.com/auto-dns/docker-coredns-sync/internal/core/record_builder.go:38.24,40.20 2 1
github.com/auto-dns/docker-coredns-sync/internal/core/record_builder.go:40.20,42.14 2 1
github.com/auto-dns/docker-coredns-sync/internal/core/record_builder.go:43.11,45.6 1 1
github.com/auto-dns/docker-coredns-sync/internal/core/record_builder.go:46.27,48.20 2 1
github.com/auto-dns/docker-coredns-sync/internal/core/record_builder.go:48.20,50.14 2 1
github.com/auto-dns/docker-coredns-sync/internal/core/record_builder.go:51.11,53.6 1 1
github.com/auto-dns/docker-coredns-sync/internal/core/record_builder.go:54.28,56.13 2 1
github.com/auto-dns/docker-coredns-sync/internal/core/record_builder.go:57.12,58.89 1 0
github.com/auto-dns/docker-coredns-sync/internal/core/record_builder.go:62.3,63.17 2 1
github.com/auto-dns/docker-coredns-sync/internal/core/record_builder.go:63.17,65.12 2 1
github.com/auto-dns/docker-coredns-sync/internal/core/record_builder.go:68.3,69.33 2 1
github.com/auto-dns/docker-coredns-sync/internal/core/record_builder.go:69.33,71.4 1 1
github.com/auto-dns/docker-coredns-sync/internal/core/record_builder.go:73.3,81.36 2 1
github.com/auto-dns/docker-coredns-sync/internal/core/record_builder.go:84.2,84.21 1 1
github.com/auto-dns/docker-coredns-sync/internal/core/validation.go:10.111,25.30 5 1
github.com/auto-dns/docker-coredns-sync/internal/core/validation.go:25.30,29.10 4 1
github.com/auto-dns/docker-coredns-sync/internal/core/validation.go:30.16,31.16 1 1
github.com/auto-dns/docker-coredns-sync/internal/core/validation.go:31.16,33.5 1 1
github.com/auto-dns/docker-coredns-sync/internal/core/validation.go:34.4,34.43 1 1
github.com/auto-dns/docker-coredns-sync/internal/core/validation.go:34.43,36.5 1 1
github.com/auto-dns/docker-coredns-sync/internal/core/validation.go:37.19,38.16 1 1
github.com/auto-dns/docker-coredns-sync/internal/core/validation.go:38.16,40.5 1 1
github.com/auto-dns/docker-coredns-sync/internal/core/validation.go:41.4,41.46 1 1
github.com/auto-dns/docker-coredns-sync/internal/core/validation.go:41.46,43.5 1 1
github.com/auto-dns/docker-coredns-sync/internal/core/validation.go:44.20,45.16 1 1
github.com/auto-dns/docker-coredns-sync/internal/core/validation.go:45.16,47.5 1 1
github.com/auto-dns/docker-coredns-sync/internal/core/validation.go:48.11,49.105 1 0
github.com/auto-dns/docker-coredns-sync/internal/core/validation.go:54.2,54.42 1 1
github.com/auto-dns/docker-coredns-sync/internal/core/validation.go:54.42,56.3 1 1
github.com/auto-dns/docker-coredns-sync/internal/core/validation.go:57.2,57.41 1 1
github.com/auto-dns/docker-coredns-sync/internal/core/validation.go:57.41,59.3 1 1
github.com/auto-dns/docker-coredns-sync/internal/core/validation.go:62.2,62.37 1 1
github.com/auto-dns/docker-coredns-sync/internal/core/validation.go:62.37,64.3 1 1
github.com/auto-dns/docker-coredns-sync/internal/core/validation.go:67.2,67.29 1 1
github.com/auto-dns/docker-coredns-sync/internal/core/validation.go:67.29,69.3 1 1
github.com/auto-dns/docker-coredns-sync/internal/core/validation.go:70.2,70.35 1 1
github.com/auto-dns/docker-coredns-sync/internal/core/validation.go:70.35,72.3 1 1
github.com/auto-dns/docker-coredns-sync/internal/core/validation.go:75.2,75.20 1 1
github.com/auto-dns/docker-coredns-sync/internal/core/validation.go:75.20,77.31 2 1
github.com/auto-dns/docker-coredns-sync/internal/core/validation.go:77.31,78.27 1 1
github.com/auto-dns/docker-coredns-sync/internal/core/validation.go:78.27,79.53 1 1
github.com/auto-dns/docker-coredns-sync/internal/core/validation.go:79.53,81.6 1 0
github.com/auto-dns/docker-coredns-sync/internal/core/validation.go:81.11,83.6 1 1
github.com/auto-dns/docker-coredns-sync/internal/core/validation.go:86.3,90.7 4 1
github.com/auto-dns/docker-coredns-sync/internal/core/validation.go:90.7,92.11 2 1
github.com/auto-dns/docker-coredns-sync/internal/core/validation.go:92.11,93.10 1 1
github.com/auto-dns/docker-coredns-sync/internal/core/validation.go:95.4,95.28 1 1
github.com/auto-dns/docker-coredns-sync/internal/core/validation.go:95.28,97.5 1 1
github.com/auto-dns/docker-coredns-sync/internal/core/validation.go:98.4,99.11 2 1
github.com/auto-dns/docker-coredns-sync/internal/core/validation.go:103.2,103.12 1 1
