mode: set
github.com/auto-dns/docker-coredns-sync/internal/registry/etcd_path.go:10.49,16.2 5 1
github.com/auto-dns/docker-coredns-sync/internal/registry/etcd_path.go:19.45,24.66 5 1
github.com/auto-dns/docker-coredns-sync/internal/registry/etcd_path.go:24.66,26.3 1 1
github.com/auto-dns/docker-coredns-sync/internal/registry/etcd_path.go:27.2,28.33 2 1
github.com/auto-dns/docker-coredns-sync/internal/registry/etcd_registry.go:25.119,32.2 1 1
github.com/auto-dns/docker-coredns-sync/internal/registry/etcd_registry.go:35.93,40.16 4 1
github.com/auto-dns/docker-coredns-sync/internal/registry/etcd_registry.go:40.16,42.3 1 1
github.com/auto-dns/docker-coredns-sync/internal/registry/etcd_registry.go:43.2,43.30 1 1
github.com/auto-dns/docker-coredns-sync/internal/registry/etcd_registry.go:43.30,46.43 2 1
github.com/auto-dns/docker-coredns-sync/internal/registry/etcd_registry.go:46.43,47.12 1 0
github.com/auto-dns/docker-coredns-sync/internal/registry/etcd_registry.go:50.3,51.37 2 1
github.com/auto-dns/docker-coredns-sync/internal/registry/etcd_registry.go:51.37,52.54 1 1
github.com/auto-dns/docker-coredns-sync/internal/registry/etcd_registry.go:52.54,54.5 1 1
github.com/auto-dns/docker-coredns-sync/internal/registry/etcd_registry.go:57.2,58.6 2 1
github.com/auto-dns/docker-coredns-sync/internal/registry/etcd_registry.go:58.6,59.42 1 1
github.com/auto-dns/docker-coredns-sync/internal/registry/etcd_registry.go:59.42,60.9 1 1
github.com/auto-dns/docker-coredns-sync/internal/registry/etcd_registry.go:62.3,62.8 1 1
github.com/auto-dns/docker-coredns-sync/internal/registry/etcd_registry.go:64.2,64.46 1 1
github.com/auto-dns/docker-coredns-sync/internal/registry/etcd_registry.go:68.86,71.16 3 1
github.com/auto-dns/docker-coredns-sync/internal/registry/etcd_registry.go:71.16,73.3 1 1
github.com/auto-dns/docker-coredns-sync/internal/registry/etcd_registry.go:74.2,75.16 2 1
github.com/auto-dns/docker-coredns-sync/internal/registry/etcd_registry.go:75.16,77.3 1 0
github.com/auto-dns/docker-coredns-sync/internal/registry/etcd_registry.go:78.2,78.58 1 1
github.com/auto-dns/docker-coredns-sync/internal/registry/etcd_registry.go:78.58,80.3 1 1
github.com/auto-dns/docker-coredns-sync/internal/registry/etcd_registry.go:81.2,82.12 2 1
github.com/auto-dns/docker-coredns-sync/internal/registry/etcd_registry.go:85.83,91.2 1 1
github.com/auto-dns/docker-coredns-sync/internal/registry/etcd_registry.go:94.84,98.16 3 1
github.com/auto-dns/docker-coredns-sync/internal/registry/etcd_registry.go:98.16,100.3 1 1
github.com/auto-dns/docker-coredns-sync/internal/registry/etcd_registry.go:103.2,104.30 2 1
github.com/auto-dns/docker-coredns-sync/internal/registry/etcd_registry.go:104.30,106.43 2 1
github.com/auto-dns/docker-coredns-sync/internal/registry/etcd_registry.go:106.43,107.12 1 1
github.com/auto-dns/docker-coredns-sync/internal/registry/etcd_registry.go:109.3,110.57 2 1
github.com/auto-dns/docker-coredns-sync/internal/registry/etcd_registry.go:110.57,112.12 2 1
github.com/auto-dns/docker-coredns-sync/internal/registry/etcd_registry.go:114.3,114.33 1 1
github.com/auto-dns/docker-coredns-sync/internal/registry/etcd_registry.go:114.33,116.4 1 1
github.com/auto-dns/docker-coredns-sync/internal/registry/etcd_registry.go:119.2,119.24 1 1
github.com/auto-dns/docker-coredns-sync/internal/registry/etcd_registry.go:119.24,126.3 2 1
github.com/auto-dns/docker-coredns-sync/internal/registry/etcd_registry.go:130.2,133.48 3 1
github.com/auto-dns/docker-coredns-sync/internal/registry/etcd_registry.go:133.48,135.26 2 1
github.com/auto-dns/docker-coredns-sync/internal/registry/etcd_registry.go:135.26,137.4 1 1
github.com/auto-dns/docker-coredns-sync/internal/registry/etcd_registry.go:138.3,142.27 4 1
github.com/auto-dns/docker-coredns-sync/internal/registry/etcd_registry.go:142.27,144.4 1 1
github.com/auto-dns/docker-coredns-sync/internal/registry/etcd_registry.go:145.3,145.54 1 1
github.com/auto-dns/docker-coredns-sync/internal/registry/etcd_registry.go:145.54,147.23 2 1
github.com/auto-dns/docker-coredns-sync/internal/registry/etcd_registry.go:147.23,149.5 1 1
github.com/auto-dns/docker-coredns-sync/internal/registry/etcd_registry.go:150.9,151.28 1 1
github.com/auto-dns/docker-coredns-sync/internal/registry/etcd_registry.go:151.28,153.5 1 1
github.com/auto-dns/docker-coredns-sync/internal/registry/etcd_registry.go:157.2,157.17 1 1
github.com/auto-dns/docker-coredns-sync/internal/registry/etcd_registry.go:161.83,164.16 3 1
github.com/auto-dns/docker-coredns-sync/internal/registry/etcd_registry.go:164.16,166.3 1 1
github.com/auto-dns/docker-coredns-sync/internal/registry/etcd_registry.go:167.2,168.30 2 1
github.com/auto-dns/docker-coredns-sync/internal/registry/etcd_registry.go:168.30,170.17 2 1
github.com/auto-dns/docker-coredns-sync/internal/registry/etcd_registry.go:170.17,172.12 2 1
github.com/auto-dns/docker-coredns-sync/internal/registry/etcd_registry.go:174.3,174.32 1 1
github.com/auto-dns/docker-coredns-sync/internal/registry/etcd_registry.go:176.2,176.21 1 1
github.com/auto-dns/docker-coredns-sync/internal/registry/etcd_registry.go:182.100,185.25 2 1
github.com/auto-dns/docker-coredns-sync/internal/registry/etcd_registry.go:185.25,187.3 1 1
github.com/auto-dns/docker-coredns-sync/internal/registry/etcd_registry.go:188.2,189.22 2 1
github.com/auto-dns/docker-coredns-sync/internal/registry/etcd_registry.go:189.22,191.3 1 1
github.com/auto-dns/docker-coredns-sync/internal/registry/etcd_registry.go:192.2,196.33 3 1
github.com/auto-dns/docker-coredns-sync/internal/registry/etcd_registry.go:196.33,199.17 3 1
github.com/auto-dns/docker-coredns-sync/internal/registry/etcd_registry.go:199.17,201.4 1 1
github.com/auto-dns/docker-coredns-sync/internal/registry/etcd_registry.go:202.3,204.73 3 1
github.com/auto-dns/docker-coredns-sync/internal/registry/etcd_registry.go:204.73,205.11 1 1
github.com/auto-dns/docker-coredns-sync/internal/registry/etcd_registry.go:206.22,207.21 1 1
github.com/auto-dns/docker-coredns-sync/internal/registry/etcd_registry.go:208.12,208.12 0 1
github.com/auto-dns/docker-coredns-sync/internal/registry/etcd_registry.go:211.4,215.18 2 1
github.com/auto-dns/docker-coredns-sync/internal/registry/etcd_registry.go:215.18,217.5 1 1
github.com/auto-dns/docker-coredns-sync/internal/registry/etcd_registry.go:218.4,218.25 1 1
github.com/auto-dns/docker-coredns-sync/internal/registry/etcd_registry.go:218.25,224.19 4 1
github.com/auto-dns/docker-coredns-sync/internal/registry/etcd_registry.go:224.19,230.6 4 1
github.com/auto-dns/docker-coredns-sync/internal/registry/etcd_registry.go:233.5,233.15 1 1
github.com/auto-dns/docker-coredns-sync/internal/registry/etcd_registry.go:233.15,234.21 1 1
github.com/auto-dns/docker-coredns-sync/internal/registry/etcd_registry.go:234.22,236.7 0 0
github.com/auto-dns/docker-coredns-sync/internal/registry/etcd_registry.go:239.5,240.10 2 1
github.com/auto-dns/docker-coredns-sync/internal/registry/etcd_registry.go:242.4,242.78 1 1
github.com/auto-dns/docker-coredns-sync/internal/registry/etcd_registry.go:244.3,244.16 1 1
github.com/auto-dns/docker-coredns-sync/internal/registry/etcd_registry.go:244.16,245.61 1 1
github.com/auto-dns/docker-coredns-sync/internal/registry/etcd_registry.go:245.61,247.5 1 1
github.com/auto-dns/docker-coredns-sync/internal/registry/etcd_registry.go:248.4,248.58 1 1
github.com/auto-dns/docker-coredns-sync/internal/registry/etcd_registry.go:252.2,255.40 2 1
github.com/auto-dns/docker-coredns-sync/internal/registry/etcd_registry.go:255.40,258.57 3 1
github.com/auto-dns/docker-coredns-sync/internal/registry/etcd_registry.go:258.57,260.4 1 1
github.com/auto-dns/docker-coredns-sync/internal/registry/etcd_registry.go:261.3,261.55 1 1
github.com/auto-dns/docker-coredns-sync/internal/registry/etcd_registry.go:261.55,263.4 1 1
github.com/auto-dns/docker-coredns-sync/internal/registry/etcd_registry.go:265.2,265.12 1 1
github.com/auto-dns/docker-coredns-sync/internal/registry/etcd_registry.go:268.39,270.2 1 1
github.com/auto-dns/docker-coredns-sync/internal/registry/etcd_wire.go:21.64,32.16 3 1
github.com/auto-dns/docker-coredns-sync/internal/registry/etcd_wire.go:32.16,34.3 1 0
github.com/auto-dns/docker-coredns-sync/internal/registry/etcd_wire.go:35.2,35.23 1 1
github.com/auto-dns/docker-coredns-sync/internal/registry/etcd_wire.go:38.94,42.59 3 1
github.com/auto-dns/docker-coredns-sync/internal/registry/etcd_wire.go:42.59,44.3 1 1
github.com/auto-dns/docker-coredns-sync/internal/registry/etcd_wire.go:46.2,47.16 2 1
github.com/auto-dns/docker-coredns-sync/internal/registry/etcd_wire.go:47.16,49.3 1 1
github.com/auto-dns/docker-coredns-sync/internal/registry/etcd_wire.go:51.2,58.8 1 1
