mode: set
github.com/auto-dns/docker-coredns-sync/internal/event/docker_generator.go:19.83,24.2 1 1
github.com/auto-dns/docker-coredns-sync/internal/event/docker_generator.go:26.97,30.12 3 1
github.com/auto-dns/docker-coredns-sync/internal/event/docker_generator.go:30.12,38.17 5 1
github.com/auto-dns/docker-coredns-sync/internal/event/docker_generator.go:38.17,41.4 2 1
github.com/auto-dns/docker-coredns-sync/internal/event/docker_generator.go:42.3,42.32 1 1
github.com/auto-dns/docker-coredns-sync/internal/event/docker_generator.go:42.32,43.11 1 1
github.com/auto-dns/docker-coredns-sync/internal/event/docker_generator.go:44.40,44.40 0 1
github.com/auto-dns/docker-coredns-sync/internal/event/docker_generator.go:45.22,47.11 2 1
github.com/auto-dns/docker-coredns-sync/internal/event/docker_generator.go:53.3,65.7 8 1
github.com/auto-dns/docker-coredns-sync/internal/event/docker_generator.go:65.7,66.11 1 1
github.com/auto-dns/docker-coredns-sync/internal/event/docker_generator.go:67.22,69.11 2 1
github.com/auto-dns/docker-coredns-sync/internal/event/docker_generator.go:70.28,71.25 1 1
github.com/auto-dns/docker-coredns-sync/internal/event/docker_generator.go:71.25,73.6 1 1
github.com/auto-dns/docker-coredns-sync/internal/event/docker_generator.go:74.30,75.12 1 1
github.com/auto-dns/docker-coredns-sync/internal/event/docker_generator.go:75.12,78.6 2 1
github.com/auto-dns/docker-coredns-sync/internal/event/docker_generator.go:80.5,81.23 2 1
github.com/auto-dns/docker-coredns-sync/internal/event/docker_generator.go:81.23,82.59 1 1
github.com/auto-dns/docker-coredns-sync/internal/event/docker_generator.go:82.59,84.7 1 1
github.com/auto-dns/docker-coredns-sync/internal/event/docker_generator.go:84.12,86.7 1 0
github.com/auto-dns/docker-coredns-sync/internal/event/docker_generator.go:87.6,87.14 1 1
github.com/auto-dns/docker-coredns-sync/internal/event/docker_generator.go:90.5,91.12 2 1
github.com/auto-dns/docker-coredns-sync/internal/event/docker_generator.go:92.23,92.23 0 1
github.com/auto-dns/docker-coredns-sync/internal/event/docker_generator.go:93.23,94.12 1 1
github.com/auto-dns/docker-coredns-sync/internal/event/docker_generator.go:100.2,100.17 1 1
github.com/auto-dns/docker-coredns-sync/internal/event/docker_wire.go:12.70,14.22 2 1
github.com/auto-dns/docker-coredns-sync/internal/event/docker_wire.go:14.22,16.3 1 1
github.com/auto-dns/docker-coredns-sync/internal/event/docker_wire.go:17.2,25.3 1 1
github.com/auto-dns/docker-coredns-sync/internal/event/docker_wire.go:28.75,38.29 2 1
github.com/auto-dns/docker-coredns-sync/internal/event/docker_wire.go:38.29,40.3 1 1
github.com/auto-dns/docker-coredns-sync/internal/event/docker_wire.go:41.2,41.16 1 1
github.com/auto-dns/docker-coredns-sync/internal/event/errors.go:13.90,15.2 1 1
github.com/auto-dns/docker-coredns-sync/internal/event/errors.go:17.52,19.2 1 1
